2019/09/17 03:20:45 cravat               started: Tue Sep 17 03:20:45 2019
2019/09/17 03:20:45 cravat               input assembly: hg38
2019/09/17 03:20:45 cravat               conf file: None
2019/09/17 03:20:45 cravat.converter     started: Tue Sep 17 03:20:45 2019
2019/09/17 03:20:45 cravat.converter     input files: /tmp/tmpAfA8f2/stgf1676979-87af-4295-9519-c65b06cc73ee/example_input
2019/09/17 03:20:45 cravat.converter     input format: cravat
2019/09/17 03:20:45 cravat.converter     error lines: 0
2019/09/17 03:20:45 cravat.converter     finished: Tue Sep 17 03:20:45 2019
2019/09/17 03:20:45 cravat.converter     num input lines: 373
2019/09/17 03:20:45 cravat.converter     runtime: 0.006
2019/09/17 03:20:45 cravat.mapper        input file: /home/kyle/cwl/out/example_input.crv
2019/09/17 03:20:45 cravat.mapper        mapper database: /home/kyle/mdir/mappers/hg38/data/hg38.sqlite
2019/09/17 03:20:45 cravat.mapper        started: Tue Sep 17 03:20:45 2019
2019/09/17 03:20:46 cravat.mapper        finished: Tue Sep 17 03:20:46 2019
2019/09/17 03:20:46 cravat.mapper        runtime:  0.565
2019/09/17 03:20:46 cravat               num_workers: 3
2019/09/17 03:20:46 cravat.vista_enhancer started: Tue Sep 17 03:20:46 2019
2019/09/17 03:20:46 cravat.atacseq       started: Tue Sep 17 03:20:46 2019
2019/09/17 03:20:46 cravat.civic_gene    started: Tue Sep 17 03:20:46 2019
2019/09/17 03:20:46 cravat.vista_enhancer finished: Tue Sep 17 03:20:46 2019
2019/09/17 03:20:46 cravat.vista_enhancer runtime: 0.030s
2019/09/17 03:20:46 cravat.pseudogene    started: Tue Sep 17 03:20:46 2019
2019/09/17 03:20:46 cravat.atacseq       finished: Tue Sep 17 03:20:46 2019
2019/09/17 03:20:46 cravat.atacseq       runtime: 0.182s
2019/09/17 03:20:46 cravat.flank_seq     started: Tue Sep 17 03:20:46 2019
2019/09/17 03:20:46 cravat.flank_seq     finished: Tue Sep 17 03:20:46 2019
2019/09/17 03:20:46 cravat.flank_seq     runtime: 0.033s
2019/09/17 03:20:46 cravat.civic         started: Tue Sep 17 03:20:46 2019
2019/09/17 03:20:47 cravat.pseudogene    finished: Tue Sep 17 03:20:47 2019
2019/09/17 03:20:47 cravat.pseudogene    runtime: 0.853s
2019/09/17 03:20:47 cravat.cosmic_gene   started: Tue Sep 17 03:20:47 2019
2019/09/17 03:20:47 cravat.cosmic_gene   finished: Tue Sep 17 03:20:47 2019
2019/09/17 03:20:47 cravat.cosmic_gene   runtime: 0.028s
2019/09/17 03:20:47 cravat.cosmic        started: Tue Sep 17 03:20:47 2019
2019/09/17 03:20:47 cravat.cosmic        finished: Tue Sep 17 03:20:47 2019
2019/09/17 03:20:47 cravat.cosmic        runtime: 0.053s
2019/09/17 03:20:47 cravat.hgvs          started: Tue Sep 17 03:20:47 2019
2019/09/17 03:20:47 cravat.civic_gene    finished: Tue Sep 17 03:20:47 2019
2019/09/17 03:20:47 cravat.civic_gene    runtime: 1.513s
2019/09/17 03:20:47 cravat.ncrna         started: Tue Sep 17 03:20:47 2019
2019/09/17 03:20:48 cravat.hgvs          finished: Tue Sep 17 03:20:48 2019
2019/09/17 03:20:48 cravat.hgvs          runtime: 1.471s
2019/09/17 03:20:48 cravat.clinvar       started: Tue Sep 17 03:20:48 2019
2019/09/17 03:20:48 cravat.clinvar       finished: Tue Sep 17 03:20:48 2019
2019/09/17 03:20:48 cravat.clinvar       runtime: 0.025s
2019/09/17 03:20:48 cravat.repeat        started: Tue Sep 17 03:20:48 2019
2019/09/17 03:20:48 cravat.repeat        finished: Tue Sep 17 03:20:48 2019
2019/09/17 03:20:48 cravat.repeat        runtime: 0.100s
2019/09/17 03:20:48 cravat.javierre_promoters started: Tue Sep 17 03:20:48 2019
2019/09/17 03:20:49 cravat.javierre_promoters finished: Tue Sep 17 03:20:49 2019
2019/09/17 03:20:49 cravat.javierre_promoters runtime: 0.215s
2019/09/17 03:20:49 cravat.ncrna         finished: Tue Sep 17 03:20:49 2019
2019/09/17 03:20:49 cravat.ncrna         runtime: 1.652s
2019/09/17 03:20:52 cravat.civic         finished: Tue Sep 17 03:20:52 2019
2019/09/17 03:20:52 cravat.civic         runtime: 6.464s
2019/09/17 03:20:52 cravat.linsight      started: Tue Sep 17 03:20:52 2019
2019/09/17 03:20:53 cravat.linsight      finished: Tue Sep 17 03:20:53 2019
2019/09/17 03:20:53 cravat.linsight      runtime: 0.646s
2019/09/17 03:20:53 cravat.aggregator    level: variant
2019/09/17 03:20:53 cravat.aggregator    input directory: /home/kyle/cwl/out
2019/09/17 03:20:53 cravat.aggregator    started: Tue Sep 17 03:20:53 2019
2019/09/17 03:20:53 cravat.aggregator    finished: Tue Sep 17 03:20:53 2019
2019/09/17 03:20:53 cravat.aggregator    runtime: 0.113
2019/09/17 03:20:53 cravat.aggregator    level: gene
2019/09/17 03:20:53 cravat.aggregator    input directory: /home/kyle/cwl/out
2019/09/17 03:20:53 cravat.aggregator    started: Tue Sep 17 03:20:53 2019
2019/09/17 03:20:53 cravat.aggregator    finished: Tue Sep 17 03:20:53 2019
2019/09/17 03:20:53 cravat.aggregator    runtime: 0.036
2019/09/17 03:20:53 cravat.aggregator    level: sample
2019/09/17 03:20:53 cravat.aggregator    input directory: /home/kyle/cwl/out
2019/09/17 03:20:53 cravat.aggregator    started: Tue Sep 17 03:20:53 2019
2019/09/17 03:20:53 cravat.aggregator    finished: Tue Sep 17 03:20:53 2019
2019/09/17 03:20:53 cravat.aggregator    runtime: 0.009
2019/09/17 03:20:53 cravat.aggregator    level: mapping
2019/09/17 03:20:53 cravat.aggregator    input directory: /home/kyle/cwl/out
2019/09/17 03:20:53 cravat.aggregator    started: Tue Sep 17 03:20:53 2019
2019/09/17 03:20:53 cravat.aggregator    finished: Tue Sep 17 03:20:53 2019
2019/09/17 03:20:53 cravat.aggregator    runtime: 0.01
2019/09/17 03:20:54 cravat.tagsampler    started: Tue Sep 17 03:20:54 2019
2019/09/17 03:20:54 cravat.tagsampler    finished: Tue Sep 17 03:20:54 2019
2019/09/17 03:20:54 cravat.tagsampler    runtime: 0.051
2019/09/17 03:20:54 cravat.excelreporter started: Tue Sep 17 03:20:54 2019
2019/09/17 03:20:54 cravat.mapper        input file: /tmp/tmpBuo03P/__dummy__
2019/09/17 03:20:54 cravat.excelreporter finished: Tue Sep 17 03:20:54 2019
2019/09/17 03:20:54 cravat.excelreporter runtime: 0.414
2019/09/17 03:20:54 cravat               finished: Tue Sep 17 03:20:54 2019
2019/09/17 03:20:54 cravat               runtime: 9.276s
